DATE: Saturday 04 May 2019 10:26:18.725
THR: AWT-EventQueue-0
java.lang.IllegalArgumentException: Window must not be zero
	at sun.awt.X11.WindowPropertyGetter.<init>(Unknown Source)
	at sun.awt.X11.WindowPropertyGetter.<init>(Unknown Source)
	at sun.awt.X11.XToolkit.isToplevelWindow(Unknown Source)
	at sun.awt.X11.XWindowPeer.removeTransientForHint(Unknown Source)
	at sun.awt.X11.XWindowPeer.restoreTransientFor(Unknown Source)
	at sun.awt.X11.XWindowPeer.removeFromTransientFors(Unknown Source)
	at sun.awt.X11.XWindowPeer.setModalBlocked(Unknown Source)
	at sun.awt.X11.XWindowPeer.setModalBlocked(Unknown Source)
	at java.awt.Window.setModalBlocked(Unknown Source)
	at java.awt.Dialog.unblockWindow(Unknown Source)
	at java.awt.Dialog.modalHide(Unknown Source)
	at java.awt.Dialog.hideAndDisposePreHandler(Unknown Source)
	at java.awt.Dialog.hide(Unknown Source)
	at java.awt.Component.show(Unknown Source)
	at java.awt.Component.setVisible(Unknown Source)
	at java.awt.Window.setVisible(Unknown Source)
	at java.awt.Dialog.setVisible(Unknown Source)
	at javax.swing.JOptionPane$3.propertyChange(Unknown Source)
	at java.beans.PropertyChangeSupport.firePropertyChange(Unknown Source)
	at java.beans.PropertyChangeSupport.firePropertyChange(Unknown Source)
	at java.awt.Component.firePropertyChange(Unknown Source)
	at javax.swing.JOptionPane.setValue(Unknown Source)
	at javax.swing.plaf.basic.BasicOptionPaneUI$ButtonActionListener.actionPerformed(Unknown Source)
	at javax.swing.AbstractButton.fireActionPerformed(Unknown Source)
	at javax.swing.AbstractButton$Handler.actionPerformed(Unknown Source)
	at javax.swing.DefaultButtonModel.fireActionPerformed(Unknown Source)
	at javax.swing.DefaultButtonModel.setPressed(Unknown Source)
	at javax.swing.plaf.basic.BasicButtonListener.mouseReleased(Unknown Source)
	at java.awt.Component.processMouseEvent(Unknown Source)
	at javax.swing.JComponent.processMouseEvent(Unknown Source)
	at java.awt.Component.processEvent(Unknown Source)
	at java.awt.Container.processEvent(Unknown Source)
	at java.awt.Component.dispatchEventImpl(Unknown Source)
	at java.awt.Container.dispatchEventImpl(Unknown Source)
	at java.awt.Component.dispatchEvent(Unknown Source)
	at java.awt.LightweightDispatcher.retargetMouseEvent(Unknown Source)
	at java.awt.LightweightDispatcher.processMouseEvent(Unknown Source)
	at java.awt.LightweightDispatcher.dispatchEvent(Unknown Source)
	at java.awt.Container.dispatchEventImpl(Unknown Source)
	at java.awt.Window.dispatchEventImpl(Unknown Source)
	at java.awt.Component.dispatchEvent(Unknown Source)
	at java.awt.EventQueue.dispatchEvent(Unknown Source)
	at java.awt.EventDispatchThread.pumpOneEventForFilters(Unknown Source)
	at java.awt.EventDispatchThread.pumpEventsForFilter(Unknown Source)
	at java.awt.EventDispatchThread.pumpEventsForFilter(Unknown Source)
	at java.awt.Dialog$1.run(Unknown Source)
	at java.awt.Dialog$3.run(Unknown Source)
	at java.security.AccessController.doPrivileged(Native Method)
	at java.awt.Dialog.show(Unknown Source)
	at javax.swing.JOptionPane.showOptionDialog(Unknown Source)
	at com.mentor.jeda.wve.WveMessage.confirm2(WveMessage.java:571)
	at com.mentor.jeda.wve.WveWdb.checkForUnsavedWdbs(WveWdb.java:2112)
	at com.mentor.jeda.wve.WveWdb.checkForUnsavedWdbs(WveWdb.java:2060)
	at com.mentor.jeda.wve.WveApp$1.run(WveApp.java:195)
	at java.awt.event.InvocationEvent.dispatch(Unknown Source)
	at java.awt.EventQueue.dispatchEvent(Unknown Source)
	at java.awt.EventDispatchThread.pumpOneEventForFilters(Unknown Source)
	at java.awt.EventDispatchThread.pumpEventsForFilter(Unknown Source)
	at java.awt.EventDispatchThread.pumpEventsForHierarchy(Unknown Source)
	at java.awt.EventDispatchThread.pumpEvents(Unknown Source)
	at java.awt.EventDispatchThread.pumpEvents(Unknown Source)
	at java.awt.EventDispatchThread.run(Unknown Source)

